2018-12-22 09:10:40 INFO  Log:28 - SyndicateDistribution is found
2018-12-22 09:11:03 INFO  Log:28 - Movie Details Page  Movie Details  
2018-12-22 09:11:12 INFO  Log:28 - Upload Movie Posters  Posters & Music  
2018-12-22 09:11:26 INFO  Log:28 - Movie LicenceLicense Fee Required
2018-12-22 09:11:33 INFO  Log:28 - My cart page[[ChromeDriver: chrome on XP (40ba5018ccc302e2f18ed8bdc974da1a)] -> xpath: //*[@id="widgetLinepoint"]/div/h3]
2018-12-22 09:11:39 INFO  Log:28 - Test Success
2018-12-22 09:22:36 INFO  Log:28 - SyndicateDistribution is found
2018-12-22 09:23:02 INFO  Log:28 - Movie Details Page  Movie Details  
2018-12-22 09:23:12 INFO  Log:28 - Upload Movie Posters  Posters & Music  
2018-12-22 09:23:27 INFO  Log:28 - Movie LicenceLicense Fee Required
2018-12-22 09:23:34 INFO  Log:28 - My cart page[[ChromeDriver: chrome on XP (4c95fd3af8ebe4692f805d790a6baca8)] -> xpath: //*[@id="widgetLinepoint"]/div/h3]
2018-12-22 09:23:40 INFO  Log:28 - Test Success
2018-12-22 09:25:28 INFO  Log:28 - SyndicateDistribution is found
2018-12-22 09:25:52 INFO  Log:28 - Movie Details Page  Movie Details  
2018-12-22 09:26:02 INFO  Log:28 - Upload Movie Posters  Posters & Music  
2018-12-22 09:26:18 INFO  Log:28 - Movie LicenceLicense Fee Required
2018-12-22 09:26:26 INFO  Log:28 - My cart page[[ChromeDriver: chrome on XP (16a7599dc36938da015ed678f3e45673)] -> xpath: //*[@id="widgetLinepoint"]/div/h3]
2018-12-22 09:26:32 INFO  Log:28 - Test Success
2018-12-22 09:46:57 INFO  Log:28 - SyndicateDistribution is found
2018-12-22 09:47:21 INFO  Log:28 - Movie Details Page  Movie Details  
2018-12-22 09:47:30 INFO  Log:28 - Upload Movie Posters  Posters & Music  
2018-12-22 09:47:44 INFO  Log:28 - Movie LicenceLicense Fee Required
2018-12-22 09:47:51 INFO  Log:28 - My cart page[[ChromeDriver: chrome on XP (afd4bc2d84b7e7841deb15d61c0a2fbb)] -> xpath: //*[@id="widgetLinepoint"]/div/h3]
2018-12-22 09:47:57 INFO  Log:28 - Test Success
2018-12-23 23:55:55 INFO  Log:28 - SyndicateDistribution is found
2018-12-23 23:56:19 INFO  Log:28 - Movie Details Page  Movie Details  
2018-12-23 23:56:29 INFO  Log:28 - Upload Movie Posters  Posters & Music  
2018-12-23 23:56:42 INFO  Log:28 - Movie LicenceLicense Fee Required
2018-12-23 23:56:50 INFO  Log:28 - My cart page[[ChromeDriver: chrome on XP (f7542bfc4dc2490811abe5e8d360b26f)] -> xpath: //*[@id="widgetLinepoint"]/div/h3]
2018-12-23 23:56:50 INFO  Log:28 - Test Success
